{"/codebuild/output/src559546892/src/source/custom-resource/lib/cfn/index.js": {"path":"/codebuild/output/src559546892/src/source/custom-resource/lib/cfn/index.js","statementMap":{"0":{"start":{"line":13,"column":14},"end":{"line":13,"column":30}},"1":{"start":{"line":15,"column":14},"end":{"line":46,"column":1}},"2":{"start":{"line":19,"column":2},"end":{"line":44,"column":3}},"3":{"start":{"line":20,"column":25},"end":{"line":28,"column":6}},"4":{"start":{"line":29,"column":19},"end":{"line":38,"column":5}},"5":{"start":{"line":39,"column":4},"end":{"line":39,"column":31}},"6":{"start":{"line":42,"column":4},"end":{"line":42,"column":23}},"7":{"start":{"line":43,"column":4},"end":{"line":43,"column":14}},"8":{"start":{"line":45,"column":2},"end":{"line":45,"column":21}},"9":{"start":{"line":49,"column":0},"end":{"line":51,"column":2}}},"fnMap":{"0":{"name":"(anonymous_0)","decl":{"start":{"line":15,"column":14},"end":{"line":15,"column":15}},"loc":{"start":{"line":15,"column":90},"end":{"line":46,"column":1}},"line":15}},"branchMap":{"0":{"loc":{"start":{"line":23,"column":26},"end":{"line":23,"column":69}},"type":"binary-expr","locations":[{"start":{"line":23,"column":26},"end":{"line":23,"column":44}},{"start":{"line":23,"column":48},"end":{"line":23,"column":69}}],"line":23}},"s":{"0":1,"1":1,"2":2,"3":2,"4":2,"5":2,"6":1,"7":1,"8":1,"9":1},"f":{"0":2},"b":{"0":[2,1]},"_coverageSchema":"1a1c01bbd47fc00a2c39e90264f33305004495a9","hash":"206b43b283572bd6c511606eeb099cac3c0f5425"}
,"/codebuild/output/src559546892/src/source/custom-resource/lib/demo/index.js": {"path":"/codebuild/output/src559546892/src/source/custom-resource/lib/demo/index.js","statementMap":{"0":{"start":{"line":13,"column":12},"end":{"line":13,"column":30}},"1":{"start":{"line":19,"column":19},"end":{"line":58,"column":1}},"2":{"start":{"line":21,"column":12},"end":{"line":23,"column":6}},"3":{"start":{"line":24,"column":64},"end":{"line":24,"column":70}},"4":{"start":{"line":26,"column":1},"end":{"line":56,"column":2}},"5":{"start":{"line":28,"column":15},"end":{"line":31,"column":3}},"6":{"start":{"line":33,"column":15},"end":{"line":33,"column":51}},"7":{"start":{"line":34,"column":19},"end":{"line":34,"column":40}},"8":{"start":{"line":35,"column":2},"end":{"line":35,"column":62}},"9":{"start":{"line":38,"column":2},"end":{"line":44,"column":6}},"10":{"start":{"line":39,"column":3},"end":{"line":43,"column":16}},"11":{"start":{"line":46,"column":2},"end":{"line":46,"column":65}},"12":{"start":{"line":47,"column":2},"end":{"line":51,"column":15}},"13":{"start":{"line":54,"column":2},"end":{"line":54,"column":21}},"14":{"start":{"line":55,"column":2},"end":{"line":55,"column":12}},"15":{"start":{"line":57,"column":1},"end":{"line":57,"column":18}},"16":{"start":{"line":61,"column":18},"end":{"line":90,"column":1}},"17":{"start":{"line":63,"column":12},"end":{"line":65,"column":6}},"18":{"start":{"line":67,"column":1},"end":{"line":88,"column":2}},"19":{"start":{"line":68,"column":15},"end":{"line":70,"column":3}},"20":{"start":{"line":71,"column":13},"end":{"line":71,"column":51}},"21":{"start":{"line":72,"column":16},"end":{"line":72,"column":18}},"22":{"start":{"line":73,"column":2},"end":{"line":77,"column":3}},"23":{"start":{"line":73,"column":15},"end":{"line":73,"column":16}},"24":{"start":{"line":74,"column":3},"end":{"line":76,"column":6}},"25":{"start":{"line":78,"column":2},"end":{"line":83,"column":4}},"26":{"start":{"line":84,"column":2},"end":{"line":84,"column":43}},"27":{"start":{"line":86,"column":2},"end":{"line":86,"column":21}},"28":{"start":{"line":87,"column":2},"end":{"line":87,"column":12}},"29":{"start":{"line":89,"column":1},"end":{"line":89,"column":18}},"30":{"start":{"line":92,"column":0},"end":{"line":95,"column":2}}},"fnMap":{"0":{"name":"(anonymous_0)","decl":{"start":{"line":19,"column":19},"end":{"line":19,"column":20}},"loc":{"start":{"line":19,"column":37},"end":{"line":58,"column":1}},"line":19},"1":{"name":"(anonymous_1)","decl":{"start":{"line":38,"column":33},"end":{"line":38,"column":34}},"loc":{"start":{"line":38,"column":41},"end":{"line":44,"column":3}},"line":38},"2":{"name":"(anonymous_2)","decl":{"start":{"line":61,"column":18},"end":{"line":61,"column":19}},"loc":{"start":{"line":61,"column":36},"end":{"line":90,"column":1}},"line":61}},"branchMap":{},"s":{"0":1,"1":1,"2":2,"3":2,"4":2,"5":2,"6":2,"7":1,"8":1,"9":1,"10":2,"11":1,"12":1,"13":1,"14":1,"15":1,"16":1,"17":2,"18":2,"19":2,"20":2,"21":1,"22":1,"23":1,"24":1,"25":1,"26":1,"27":1,"28":1,"29":1,"30":1},"f":{"0":2,"1":2,"2":2},"b":{},"_coverageSchema":"1a1c01bbd47fc00a2c39e90264f33305004495a9","hash":"4c3c7c9e0287986a52c371223aa1c47bac003921"}
,"/codebuild/output/src559546892/src/source/custom-resource/lib/medialive/index.js": {"path":"/codebuild/output/src559546892/src/source/custom-resource/lib/medialive/index.js","statementMap":{"0":{"start":{"line":13,"column":12},"end":{"line":13,"column":30}},"1":{"start":{"line":16,"column":20},"end":{"line":172,"column":1}},"2":{"start":{"line":18,"column":21},"end":{"line":21,"column":6}},"3":{"start":{"line":22,"column":16},"end":{"line":25,"column":6}},"4":{"start":{"line":27,"column":4},"end":{"line":163,"column":5}},"5":{"start":{"line":28,"column":8},"end":{"line":158,"column":9}},"6":{"start":{"line":32,"column":16},"end":{"line":36,"column":18}},"7":{"start":{"line":37,"column":16},"end":{"line":37,"column":82}},"8":{"start":{"line":38,"column":16},"end":{"line":42,"column":18}},"9":{"start":{"line":44,"column":16},"end":{"line":44,"column":69}},"10":{"start":{"line":45,"column":16},"end":{"line":49,"column":18}},"11":{"start":{"line":50,"column":16},"end":{"line":50,"column":22}},"12":{"start":{"line":55,"column":16},"end":{"line":59,"column":18}},"13":{"start":{"line":60,"column":16},"end":{"line":60,"column":82}},"14":{"start":{"line":61,"column":16},"end":{"line":72,"column":18}},"15":{"start":{"line":74,"column":16},"end":{"line":74,"column":69}},"16":{"start":{"line":75,"column":16},"end":{"line":79,"column":18}},"17":{"start":{"line":80,"column":16},"end":{"line":80,"column":22}},"18":{"start":{"line":86,"column":16},"end":{"line":96,"column":18}},"19":{"start":{"line":98,"column":16},"end":{"line":109,"column":17}},"20":{"start":{"line":99,"column":20},"end":{"line":99,"column":64}},"21":{"start":{"line":100,"column":20},"end":{"line":100,"column":69}},"22":{"start":{"line":101,"column":39},"end":{"line":107,"column":21}},"23":{"start":{"line":108,"column":20},"end":{"line":108,"column":65}},"24":{"start":{"line":110,"column":16},"end":{"line":121,"column":17}},"25":{"start":{"line":111,"column":20},"end":{"line":111,"column":64}},"26":{"start":{"line":112,"column":20},"end":{"line":112,"column":69}},"27":{"start":{"line":113,"column":39},"end":{"line":119,"column":21}},"28":{"start":{"line":120,"column":20},"end":{"line":120,"column":65}},"29":{"start":{"line":123,"column":16},"end":{"line":123,"column":69}},"30":{"start":{"line":124,"column":16},"end":{"line":128,"column":18}},"31":{"start":{"line":129,"column":16},"end":{"line":129,"column":22}},"32":{"start":{"line":134,"column":16},"end":{"line":145,"column":18}},"33":{"start":{"line":147,"column":16},"end":{"line":147,"column":69}},"34":{"start":{"line":148,"column":16},"end":{"line":152,"column":18}},"35":{"start":{"line":153,"column":16},"end":{"line":153,"column":22}},"36":{"start":{"line":156,"column":16},"end":{"line":156,"column":75}},"37":{"start":{"line":161,"column":8},"end":{"line":161,"column":27}},"38":{"start":{"line":162,"column":8},"end":{"line":162,"column":18}},"39":{"start":{"line":165,"column":17},"end":{"line":168,"column":5}},"40":{"start":{"line":169,"column":4},"end":{"line":169,"column":41}},"41":{"start":{"line":171,"column":4},"end":{"line":171,"column":24}},"42":{"start":{"line":175,"column":22},"end":{"line":252,"column":1}},"43":{"start":{"line":176,"column":22},"end":{"line":179,"column":6}},"44":{"start":{"line":180,"column":24},"end":{"line":180,"column":63}},"45":{"start":{"line":181,"column":23},"end":{"line":181,"column":61}},"46":{"start":{"line":182,"column":23},"end":{"line":182,"column":61}},"47":{"start":{"line":184,"column":4},"end":{"line":250,"column":5}},"48":{"start":{"line":186,"column":8},"end":{"line":212,"column":10}},"49":{"start":{"line":214,"column":8},"end":{"line":218,"column":9}},"50":{"start":{"line":215,"column":12},"end":{"line":217,"column":14}},"51":{"start":{"line":219,"column":8},"end":{"line":237,"column":9}},"52":{"start":{"line":221,"column":16},"end":{"line":221,"column":60}},"53":{"start":{"line":222,"column":16},"end":{"line":222,"column":73}},"54":{"start":{"line":223,"column":16},"end":{"line":223,"column":53}},"55":{"start":{"line":224,"column":16},"end":{"line":224,"column":22}},"56":{"start":{"line":226,"column":16},"end":{"line":226,"column":60}},"57":{"start":{"line":227,"column":16},"end":{"line":227,"column":73}},"58":{"start":{"line":228,"column":16},"end":{"line":228,"column":52}},"59":{"start":{"line":229,"column":16},"end":{"line":229,"column":22}},"60":{"start":{"line":231,"column":16},"end":{"line":231,"column":60}},"61":{"start":{"line":232,"column":16},"end":{"line":232,"column":73}},"62":{"start":{"line":233,"column":16},"end":{"line":233,"column":52}},"63":{"start":{"line":234,"column":16},"end":{"line":234,"column":22}},"64":{"start":{"line":236,"column":16},"end":{"line":236,"column":101}},"65":{"start":{"line":238,"column":8},"end":{"line":238,"column":81}},"66":{"start":{"line":239,"column":8},"end":{"line":239,"column":63}},"67":{"start":{"line":240,"column":8},"end":{"line":242,"column":9}},"68":{"start":{"line":243,"column":8},"end":{"line":243,"column":67}},"69":{"start":{"line":244,"column":8},"end":{"line":246,"column":10}},"70":{"start":{"line":248,"column":8},"end":{"line":248,"column":27}},"71":{"start":{"line":249,"column":8},"end":{"line":249,"column":18}},"72":{"start":{"line":251,"column":4},"end":{"line":251,"column":24}},"73":{"start":{"line":255,"column":21},"end":{"line":271,"column":1}},"74":{"start":{"line":256,"column":3},"end":{"line":256,"column":40}},"75":{"start":{"line":257,"column":21},"end":{"line":260,"column":5}},"76":{"start":{"line":261,"column":3},"end":{"line":269,"column":4}},"77":{"start":{"line":262,"column":20},"end":{"line":264,"column":8}},"78":{"start":{"line":265,"column":7},"end":{"line":265,"column":54}},"79":{"start":{"line":267,"column":7},"end":{"line":267,"column":26}},"80":{"start":{"line":268,"column":7},"end":{"line":268,"column":17}},"81":{"start":{"line":270,"column":3},"end":{"line":270,"column":20}},"82":{"start":{"line":274,"column":20},"end":{"line":315,"column":1}},"83":{"start":{"line":275,"column":3},"end":{"line":275,"column":38}},"84":{"start":{"line":276,"column":17},"end":{"line":276,"column":70}},"85":{"start":{"line":276,"column":23},"end":{"line":276,"column":70}},"86":{"start":{"line":276,"column":46},"end":{"line":276,"column":69}},"87":{"start":{"line":277,"column":21},"end":{"line":280,"column":5}},"88":{"start":{"line":283,"column":3},"end":{"line":313,"column":4}},"89":{"start":{"line":284,"column":7},"end":{"line":286,"column":9}},"90":{"start":{"line":287,"column":7},"end":{"line":287,"column":62}},"91":{"start":{"line":288,"column":7},"end":{"line":288,"column":53}},"92":{"start":{"line":289,"column":7},"end":{"line":309,"column":8}},"93":{"start":{"line":290,"column":11},"end":{"line":292,"column":13}},"94":{"start":{"line":297,"column":23},"end":{"line":297,"column":25}},"95":{"start":{"line":298,"column":23},"end":{"line":298,"column":24}},"96":{"start":{"line":299,"column":11},"end":{"line":307,"column":12}},"97":{"start":{"line":300,"column":15},"end":{"line":300,"column":33}},"98":{"start":{"line":301,"column":15},"end":{"line":301,"column":83}},"99":{"start":{"line":302,"column":15},"end":{"line":302,"column":34}},"100":{"start":{"line":303,"column":15},"end":{"line":303,"column":32}},"101":{"start":{"line":304,"column":15},"end":{"line":306,"column":16}},"102":{"start":{"line":305,"column":19},"end":{"line":305,"column":99}},"103":{"start":{"line":308,"column":11},"end":{"line":308,"column":70}},"104":{"start":{"line":311,"column":7},"end":{"line":311,"column":26}},"105":{"start":{"line":312,"column":7},"end":{"line":312,"column":17}},"106":{"start":{"line":314,"column":3},"end":{"line":314,"column":20}},"107":{"start":{"line":318,"column":22},"end":{"line":339,"column":1}},"108":{"start":{"line":319,"column":3},"end":{"line":319,"column":40}},"109":{"start":{"line":320,"column":21},"end":{"line":323,"column":5}},"110":{"start":{"line":325,"column":3},"end":{"line":337,"column":4}},"111":{"start":{"line":326,"column":7},"end":{"line":328,"column":9}},"112":{"start":{"line":329,"column":7},"end":{"line":329,"column":53}},"113":{"start":{"line":330,"column":7},"end":{"line":330,"column":66}},"114":{"start":{"line":331,"column":7},"end":{"line":331,"column":55}},"115":{"start":{"line":332,"column":7},"end":{"line":332,"column":66}},"116":{"start":{"line":335,"column":7},"end":{"line":335,"column":26}},"117":{"start":{"line":336,"column":7},"end":{"line":336,"column":17}},"118":{"start":{"line":338,"column":3},"end":{"line":338,"column":20}},"119":{"start":{"line":342,"column":0},"end":{"line":348,"column":2}}},"fnMap":{"0":{"name":"(anonymous_0)","decl":{"start":{"line":16,"column":20},"end":{"line":16,"column":21}},"loc":{"start":{"line":16,"column":38},"end":{"line":172,"column":1}},"line":16},"1":{"name":"(anonymous_1)","decl":{"start":{"line":175,"column":22},"end":{"line":175,"column":23}},"loc":{"start":{"line":175,"column":40},"end":{"line":252,"column":1}},"line":175},"2":{"name":"(anonymous_2)","decl":{"start":{"line":255,"column":21},"end":{"line":255,"column":22}},"loc":{"start":{"line":255,"column":39},"end":{"line":271,"column":1}},"line":255},"3":{"name":"(anonymous_3)","decl":{"start":{"line":274,"column":20},"end":{"line":274,"column":21}},"loc":{"start":{"line":274,"column":39},"end":{"line":315,"column":1}},"line":274},"4":{"name":"(anonymous_4)","decl":{"start":{"line":276,"column":17},"end":{"line":276,"column":18}},"loc":{"start":{"line":276,"column":23},"end":{"line":276,"column":70}},"line":276},"5":{"name":"(anonymous_5)","decl":{"start":{"line":276,"column":35},"end":{"line":276,"column":36}},"loc":{"start":{"line":276,"column":46},"end":{"line":276,"column":69}},"line":276},"6":{"name":"(anonymous_6)","decl":{"start":{"line":318,"column":22},"end":{"line":318,"column":23}},"loc":{"start":{"line":318,"column":43},"end":{"line":339,"column":1}},"line":318}},"branchMap":{"0":{"loc":{"start":{"line":28,"column":8},"end":{"line":158,"column":9}},"type":"switch","locations":[{"start":{"line":30,"column":12},"end":{"line":50,"column":22}},{"start":{"line":53,"column":12},"end":{"line":80,"column":22}},{"start":{"line":83,"column":12},"end":{"line":83,"column":29}},{"start":{"line":84,"column":12},"end":{"line":129,"column":22}},{"start":{"line":132,"column":12},"end":{"line":153,"column":22}},{"start":{"line":155,"column":12},"end":{"line":156,"column":75}}],"line":28},"1":{"loc":{"start":{"line":98,"column":16},"end":{"line":109,"column":17}},"type":"if","locations":[{"start":{"line":98,"column":16},"end":{"line":109,"column":17}},{"start":{},"end":{}}],"line":98},"2":{"loc":{"start":{"line":98,"column":20},"end":{"line":98,"column":68}},"type":"binary-expr","locations":[{"start":{"line":98,"column":20},"end":{"line":98,"column":43}},{"start":{"line":98,"column":47},"end":{"line":98,"column":68}}],"line":98},"3":{"loc":{"start":{"line":110,"column":16},"end":{"line":121,"column":17}},"type":"if","locations":[{"start":{"line":110,"column":16},"end":{"line":121,"column":17}},{"start":{},"end":{}}],"line":110},"4":{"loc":{"start":{"line":110,"column":20},"end":{"line":110,"column":68}},"type":"binary-expr","locations":[{"start":{"line":110,"column":20},"end":{"line":110,"column":43}},{"start":{"line":110,"column":47},"end":{"line":110,"column":68}}],"line":110},"5":{"loc":{"start":{"line":214,"column":8},"end":{"line":218,"column":9}},"type":"if","locations":[{"start":{"line":214,"column":8},"end":{"line":218,"column":9}},{"start":{},"end":{}}],"line":214},"6":{"loc":{"start":{"line":219,"column":8},"end":{"line":237,"column":9}},"type":"switch","locations":[{"start":{"line":220,"column":12},"end":{"line":224,"column":22}},{"start":{"line":225,"column":12},"end":{"line":229,"column":22}},{"start":{"line":230,"column":12},"end":{"line":234,"column":22}},{"start":{"line":235,"column":12},"end":{"line":236,"column":101}}],"line":219},"7":{"loc":{"start":{"line":289,"column":7},"end":{"line":309,"column":8}},"type":"if","locations":[{"start":{"line":289,"column":7},"end":{"line":309,"column":8}},{"start":{},"end":{}}],"line":289},"8":{"loc":{"start":{"line":289,"column":11},"end":{"line":289,"column":66}},"type":"binary-expr","locations":[{"start":{"line":289,"column":11},"end":{"line":289,"column":30}},{"start":{"line":289,"column":34},"end":{"line":289,"column":66}}],"line":289},"9":{"loc":{"start":{"line":304,"column":15},"end":{"line":306,"column":16}},"type":"if","locations":[{"start":{"line":304,"column":15},"end":{"line":306,"column":16}},{"start":{},"end":{}}],"line":304},"10":{"loc":{"start":{"line":304,"column":19},"end":{"line":304,"column":50}},"type":"binary-expr","locations":[{"start":{"line":304,"column":19},"end":{"line":304,"column":30}},{"start":{"line":304,"column":34},"end":{"line":304,"column":50}}],"line":304}},"s":{"0":1,"1":1,"2":9,"3":9,"4":9,"5":9,"6":2,"7":2,"8":2,"9":2,"10":1,"11":1,"12":2,"13":2,"14":2,"15":2,"16":1,"17":1,"18":2,"19":2,"20":2,"21":2,"22":2,"23":2,"24":2,"25":2,"26":2,"27":2,"28":2,"29":2,"30":1,"31":1,"32":2,"33":2,"34":1,"35":1,"36":1,"37":4,"38":4,"39":4,"40":4,"41":4,"42":1,"43":2,"44":2,"45":2,"46":2,"47":2,"48":2,"49":2,"50":0,"51":2,"52":2,"53":2,"54":2,"55":2,"56":0,"57":0,"58":0,"59":0,"60":0,"61":0,"62":0,"63":0,"64":0,"65":2,"66":2,"67":1,"68":1,"69":1,"70":1,"71":1,"72":1,"73":1,"74":2,"75":2,"76":2,"77":2,"78":2,"79":1,"80":1,"81":1,"82":1,"83":1,"84":1,"85":0,"86":0,"87":1,"88":1,"89":1,"90":1,"91":1,"92":1,"93":0,"94":0,"95":0,"96":0,"97":0,"98":0,"99":0,"100":0,"101":0,"102":0,"103":0,"104":0,"105":0,"106":1,"107":1,"108":2,"109":2,"110":2,"111":2,"112":2,"113":2,"114":2,"115":1,"116":1,"117":1,"118":1,"119":1},"f":{"0":9,"1":2,"2":2,"3":1,"4":0,"5":0,"6":2},"b":{"0":[2,2,0,2,2,1],"1":[2,0],"2":[2,2],"3":[2,0],"4":[2,2],"5":[0,2],"6":[2,0,0,0],"7":[0,1],"8":[1,0],"9":[0,0],"10":[0,0]},"_coverageSchema":"1a1c01bbd47fc00a2c39e90264f33305004495a9","hash":"97df2896283986a47164ad6873f45c8c09f654ca"}
,"/codebuild/output/src559546892/src/source/custom-resource/lib/mediapackage/index.js": {"path":"/codebuild/output/src559546892/src/source/custom-resource/lib/mediapackage/index.js","statementMap":{"0":{"start":{"line":13,"column":12},"end":{"line":13,"column":30}},"1":{"start":{"line":14,"column":12},"end":{"line":14,"column":26}},"2":{"start":{"line":16,"column":23},"end":{"line":114,"column":1}},"3":{"start":{"line":17,"column":25},"end":{"line":20,"column":6}},"4":{"start":{"line":22,"column":4},"end":{"line":112,"column":5}},"5":{"start":{"line":24,"column":23},"end":{"line":57,"column":9}},"6":{"start":{"line":58,"column":21},"end":{"line":71,"column":9}},"7":{"start":{"line":73,"column":8},"end":{"line":92,"column":9}},"8":{"start":{"line":75,"column":16},"end":{"line":75,"column":54}},"9":{"start":{"line":76,"column":16},"end":{"line":76,"column":56}},"10":{"start":{"line":77,"column":16},"end":{"line":77,"column":22}},"11":{"start":{"line":79,"column":16},"end":{"line":79,"column":55}},"12":{"start":{"line":80,"column":16},"end":{"line":80,"column":58}},"13":{"start":{"line":81,"column":16},"end":{"line":81,"column":22}},"14":{"start":{"line":83,"column":16},"end":{"line":83,"column":54}},"15":{"start":{"line":84,"column":16},"end":{"line":84,"column":56}},"16":{"start":{"line":85,"column":16},"end":{"line":85,"column":22}},"17":{"start":{"line":87,"column":16},"end":{"line":87,"column":55}},"18":{"start":{"line":88,"column":16},"end":{"line":88,"column":58}},"19":{"start":{"line":89,"column":16},"end":{"line":89,"column":22}},"20":{"start":{"line":91,"column":16},"end":{"line":91,"column":58}},"21":{"start":{"line":94,"column":21},"end":{"line":94,"column":78}},"22":{"start":{"line":97,"column":8},"end":{"line":101,"column":9}},"23":{"start":{"line":98,"column":12},"end":{"line":98,"column":66}},"24":{"start":{"line":100,"column":10},"end":{"line":100,"column":36}},"25":{"start":{"line":103,"column":8},"end":{"line":108,"column":10}},"26":{"start":{"line":110,"column":8},"end":{"line":110,"column":27}},"27":{"start":{"line":111,"column":8},"end":{"line":111,"column":18}},"28":{"start":{"line":113,"column":4},"end":{"line":113,"column":24}},"29":{"start":{"line":118,"column":22},"end":{"line":174,"column":1}},"30":{"start":{"line":119,"column":25},"end":{"line":122,"column":6}},"31":{"start":{"line":123,"column":16},"end":{"line":126,"column":6}},"32":{"start":{"line":129,"column":4},"end":{"line":172,"column":5}},"33":{"start":{"line":131,"column":21},"end":{"line":137,"column":9}},"34":{"start":{"line":138,"column":19},"end":{"line":138,"column":69}},"35":{"start":{"line":140,"column":8},"end":{"line":151,"column":10}},"36":{"start":{"line":154,"column":22},"end":{"line":159,"column":9}},"37":{"start":{"line":160,"column":8},"end":{"line":160,"column":50}},"38":{"start":{"line":162,"column":24},"end":{"line":167,"column":9}},"39":{"start":{"line":168,"column":8},"end":{"line":168,"column":52}},"40":{"start":{"line":170,"column":8},"end":{"line":170,"column":27}},"41":{"start":{"line":171,"column":8},"end":{"line":171,"column":18}},"42":{"start":{"line":173,"column":4},"end":{"line":173,"column":24}},"43":{"start":{"line":178,"column":22},"end":{"line":207,"column":1}},"44":{"start":{"line":179,"column":25},"end":{"line":182,"column":6}},"45":{"start":{"line":183,"column":4},"end":{"line":205,"column":5}},"46":{"start":{"line":184,"column":21},"end":{"line":186,"column":9}},"47":{"start":{"line":188,"column":19},"end":{"line":188,"column":75}},"48":{"start":{"line":190,"column":24},"end":{"line":190,"column":44}},"49":{"start":{"line":191,"column":8},"end":{"line":196,"column":12}},"50":{"start":{"line":192,"column":12},"end":{"line":194,"column":14}},"51":{"start":{"line":195,"column":12},"end":{"line":195,"column":70}},"52":{"start":{"line":198,"column":8},"end":{"line":200,"column":10}},"53":{"start":{"line":201,"column":8},"end":{"line":201,"column":59}},"54":{"start":{"line":203,"column":8},"end":{"line":203,"column":27}},"55":{"start":{"line":204,"column":8},"end":{"line":204,"column":18}},"56":{"start":{"line":206,"column":4},"end":{"line":206,"column":21}},"57":{"start":{"line":210,"column":0},"end":{"line":214,"column":2}}},"fnMap":{"0":{"name":"(anonymous_0)","decl":{"start":{"line":16,"column":23},"end":{"line":16,"column":24}},"loc":{"start":{"line":16,"column":41},"end":{"line":114,"column":1}},"line":16},"1":{"name":"(anonymous_1)","decl":{"start":{"line":118,"column":22},"end":{"line":118,"column":23}},"loc":{"start":{"line":118,"column":40},"end":{"line":174,"column":1}},"line":118},"2":{"name":"(anonymous_2)","decl":{"start":{"line":178,"column":22},"end":{"line":178,"column":23}},"loc":{"start":{"line":178,"column":43},"end":{"line":207,"column":1}},"line":178},"3":{"name":"(anonymous_3)","decl":{"start":{"line":191,"column":40},"end":{"line":191,"column":41}},"loc":{"start":{"line":191,"column":60},"end":{"line":196,"column":9}},"line":191}},"branchMap":{"0":{"loc":{"start":{"line":73,"column":8},"end":{"line":92,"column":9}},"type":"switch","locations":[{"start":{"line":74,"column":12},"end":{"line":77,"column":22}},{"start":{"line":78,"column":12},"end":{"line":81,"column":22}},{"start":{"line":82,"column":12},"end":{"line":85,"column":22}},{"start":{"line":86,"column":12},"end":{"line":89,"column":22}},{"start":{"line":90,"column":12},"end":{"line":91,"column":58}}],"line":73},"1":{"loc":{"start":{"line":97,"column":8},"end":{"line":101,"column":9}},"type":"if","locations":[{"start":{"line":97,"column":8},"end":{"line":101,"column":9}},{"start":{"line":99,"column":15},"end":{"line":101,"column":9}}],"line":97}},"s":{"0":1,"1":1,"2":1,"3":2,"4":2,"5":2,"6":2,"7":2,"8":2,"9":2,"10":2,"11":0,"12":0,"13":0,"14":0,"15":0,"16":0,"17":0,"18":0,"19":0,"20":0,"21":2,"22":1,"23":0,"24":1,"25":1,"26":1,"27":1,"28":1,"29":1,"30":2,"31":2,"32":2,"33":2,"34":2,"35":1,"36":1,"37":1,"38":1,"39":1,"40":1,"41":1,"42":1,"43":1,"44":2,"45":2,"46":2,"47":2,"48":1,"49":1,"50":1,"51":1,"52":1,"53":1,"54":1,"55":1,"56":1,"57":1},"f":{"0":2,"1":2,"2":2,"3":1},"b":{"0":[2,0,0,0,0],"1":[0,1]},"_coverageSchema":"1a1c01bbd47fc00a2c39e90264f33305004495a9","hash":"6fb84355c7350867c4b2df8606d9e6c7748e30c2"}
,"/codebuild/output/src559546892/src/source/custom-resource/lib/metrics/index.js": {"path":"/codebuild/output/src559546892/src/source/custom-resource/lib/metrics/index.js","statementMap":{"0":{"start":{"line":13,"column":14},"end":{"line":13,"column":30}},"1":{"start":{"line":14,"column":15},"end":{"line":14,"column":32}},"2":{"start":{"line":17,"column":13},"end":{"line":46,"column":1}},"3":{"start":{"line":19,"column":4},"end":{"line":19,"column":34}},"4":{"start":{"line":20,"column":4},"end":{"line":20,"column":30}},"5":{"start":{"line":23,"column":4},"end":{"line":44,"column":5}},"6":{"start":{"line":24,"column":24},"end":{"line":29,"column":9}},"7":{"start":{"line":30,"column":23},"end":{"line":38,"column":9}},"8":{"start":{"line":40,"column":8},"end":{"line":40,"column":35}},"9":{"start":{"line":42,"column":8},"end":{"line":42,"column":27}},"10":{"start":{"line":43,"column":8},"end":{"line":43,"column":18}},"11":{"start":{"line":45,"column":4},"end":{"line":45,"column":23}},"12":{"start":{"line":49,"column":0},"end":{"line":51,"column":2}}},"fnMap":{"0":{"name":"(anonymous_0)","decl":{"start":{"line":17,"column":13},"end":{"line":17,"column":14}},"loc":{"start":{"line":17,"column":31},"end":{"line":46,"column":1}},"line":17}},"branchMap":{},"s":{"0":1,"1":1,"2":1,"3":2,"4":2,"5":2,"6":2,"7":2,"8":2,"9":1,"10":1,"11":1,"12":1},"f":{"0":2},"b":{},"_coverageSchema":"1a1c01bbd47fc00a2c39e90264f33305004495a9","hash":"54c248d7975fdd92d6cff5b83c54bb5bf60b3f89"}
}
