TN:
SF:lib/cfn/index.js
FN:15,(anonymous_0)
FNF:1
FNH:1
FNDA:2,(anonymous_0)
DA:13,1
DA:15,1
DA:19,2
DA:20,2
DA:29,2
DA:39,2
DA:42,1
DA:43,1
DA:45,1
DA:49,1
LF:10
LH:10
BRDA:23,0,0,2
BRDA:23,0,1,1
BRF:2
BRH:2
end_of_record
TN:
SF:lib/demo/index.js
FN:19,(anonymous_0)
FN:38,(anonymous_1)
FN:61,(anonymous_2)
FNF:3
FNH:3
FNDA:2,(anonymous_0)
FNDA:2,(anonymous_1)
FNDA:2,(anonymous_2)
DA:13,1
DA:19,1
DA:21,2
DA:24,2
DA:26,2
DA:28,2
DA:33,2
DA:34,1
DA:35,1
DA:38,1
DA:39,2
DA:46,1
DA:47,1
DA:54,1
DA:55,1
DA:57,1
DA:61,1
DA:63,2
DA:67,2
DA:68,2
DA:71,2
DA:72,1
DA:73,1
DA:74,1
DA:78,1
DA:84,1
DA:86,1
DA:87,1
DA:89,1
DA:92,1
LF:30
LH:30
BRF:0
BRH:0
end_of_record
TN:
SF:lib/medialive/index.js
FN:16,(anonymous_0)
FN:173,(anonymous_1)
FN:253,(anonymous_2)
FN:272,(anonymous_3)
FN:274,(anonymous_4)
FN:274,(anonymous_5)
FN:316,(anonymous_6)
FNF:7
FNH:5
FNDA:9,(anonymous_0)
FNDA:2,(anonymous_1)
FNDA:2,(anonymous_2)
FNDA:1,(anonymous_3)
FNDA:0,(anonymous_4)
FNDA:0,(anonymous_5)
FNDA:2,(anonymous_6)
DA:13,1
DA:16,1
DA:18,9
DA:22,9
DA:27,9
DA:28,9
DA:32,2
DA:37,2
DA:38,2
DA:45,2
DA:46,1
DA:51,1
DA:56,2
DA:61,2
DA:62,2
DA:76,2
DA:77,1
DA:82,1
DA:88,2
DA:101,2
DA:102,2
DA:103,2
DA:104,2
DA:111,2
DA:113,2
DA:114,2
DA:115,2
DA:116,2
DA:123,2
DA:126,2
DA:127,1
DA:132,1
DA:137,2
DA:151,2
DA:152,1
DA:157,1
DA:160,1
DA:165,4
DA:166,4
DA:169,4
DA:173,1
DA:174,2
DA:178,2
DA:179,2
DA:180,2
DA:182,2
DA:184,2
DA:212,2
DA:213,0
DA:217,2
DA:219,2
DA:220,2
DA:221,2
DA:222,2
DA:224,0
DA:225,0
DA:226,0
DA:227,0
DA:229,0
DA:230,0
DA:231,0
DA:232,0
DA:234,0
DA:236,2
DA:237,2
DA:238,1
DA:241,1
DA:242,1
DA:246,1
DA:247,1
DA:249,1
DA:253,1
DA:254,2
DA:255,2
DA:259,2
DA:260,2
DA:263,2
DA:265,1
DA:266,1
DA:268,1
DA:272,1
DA:273,1
DA:274,1
DA:275,1
DA:281,1
DA:282,1
DA:285,1
DA:286,1
DA:287,1
DA:288,0
DA:295,0
DA:296,0
DA:297,0
DA:298,0
DA:299,0
DA:300,0
DA:301,0
DA:302,0
DA:303,0
DA:306,0
DA:309,0
DA:310,0
DA:312,1
DA:316,1
DA:317,2
DA:318,2
DA:323,2
DA:324,2
DA:327,2
DA:328,2
DA:329,2
DA:330,1
DA:333,1
DA:334,1
DA:336,1
DA:340,1
LF:116
LH:93
BRDA:28,0,0,2
BRDA:28,0,1,2
BRDA:28,0,2,0
BRDA:28,0,3,2
BRDA:28,0,4,2
BRDA:28,0,5,1
BRDA:101,1,0,2
BRDA:101,1,1,0
BRDA:101,2,0,2
BRDA:101,2,1,2
BRDA:113,3,0,2
BRDA:113,3,1,0
BRDA:113,4,0,2
BRDA:113,4,1,2
BRDA:212,5,0,0
BRDA:212,5,1,2
BRDA:217,6,0,2
BRDA:217,6,1,0
BRDA:217,6,2,0
BRDA:217,6,3,0
BRDA:287,7,0,0
BRDA:287,7,1,1
BRDA:287,8,0,1
BRDA:287,8,1,0
BRDA:302,9,0,0
BRDA:302,9,1,0
BRDA:302,10,0,0
BRDA:302,10,1,0
BRF:28
BRH:15
end_of_record
TN:
SF:lib/mediapackage/index.js
FN:16,(anonymous_0)
FN:118,(anonymous_1)
FN:178,(anonymous_2)
FN:191,(anonymous_3)
FNF:4
FNH:4
FNDA:2,(anonymous_0)
FNDA:2,(anonymous_1)
FNDA:2,(anonymous_2)
FNDA:1,(anonymous_3)
DA:13,1
DA:14,1
DA:16,1
DA:17,2
DA:22,2
DA:24,2
DA:58,2
DA:73,2
DA:75,2
DA:76,2
DA:77,2
DA:79,0
DA:80,0
DA:81,0
DA:83,0
DA:84,0
DA:85,0
DA:87,0
DA:88,0
DA:89,0
DA:91,0
DA:94,2
DA:97,1
DA:98,0
DA:100,1
DA:103,1
DA:110,1
DA:111,1
DA:113,1
DA:118,1
DA:119,2
DA:123,2
DA:129,2
DA:131,2
DA:138,2
DA:140,1
DA:154,1
DA:160,1
DA:162,1
DA:168,1
DA:170,1
DA:171,1
DA:173,1
DA:178,1
DA:179,2
DA:183,2
DA:184,2
DA:188,2
DA:190,1
DA:191,1
DA:192,1
DA:195,1
DA:198,1
DA:201,1
DA:203,1
DA:204,1
DA:206,1
DA:210,1
LF:58
LH:47
BRDA:73,0,0,2
BRDA:73,0,1,0
BRDA:73,0,2,0
BRDA:73,0,3,0
BRDA:73,0,4,0
BRDA:97,1,0,0
BRDA:97,1,1,1
BRF:7
BRH:2
end_of_record
TN:
SF:lib/metrics/index.js
FN:17,(anonymous_0)
FNF:1
FNH:1
FNDA:2,(anonymous_0)
DA:13,1
DA:14,1
DA:17,1
DA:19,2
DA:20,2
DA:23,2
DA:24,2
DA:30,2
DA:40,2
DA:42,1
DA:43,1
DA:45,1
DA:49,1
LF:13
LH:13
BRF:0
BRH:0
end_of_record
