<?xml version="1.0" encoding="UTF-8"?>
<coverage generated="1657059147195" clover="3.2.0">
  <project timestamp="1657059147195" name="All files">
    <metrics statements="103" coveredstatements="103" conditionals="13" coveredconditionals="10" methods="1" coveredmethods="1" elements="117" coveredelements="114" complexity="0" loc="103" ncloc="103" packages="1" files="1" classes="1"/>
    <file name="live-streaming.ts" path="/codebuild/output/src559546892/src/source/constructs/lib/live-streaming.ts">
      <metrics statements="103" coveredstatements="103" conditionals="13" coveredconditionals="10" methods="1" coveredmethods="1"/>
      <line num="14" count="1" type="stmt"/>
      <line num="15" count="1" type="stmt"/>
      <line num="16" count="1" type="stmt"/>
      <line num="17" count="1" type="stmt"/>
      <line num="18" count="1" type="stmt"/>
      <line num="19" count="1" type="stmt"/>
      <line num="20" count="1" type="stmt"/>
      <line num="21" count="1" type="stmt"/>
      <line num="22" count="1" type="stmt"/>
      <line num="24" count="1" type="stmt"/>
      <line num="26" count="1" type="stmt"/>
      <line num="30" count="1" type="stmt"/>
      <line num="34" count="1" type="stmt"/>
      <line num="40" count="1" type="stmt"/>
      <line num="46" count="1" type="stmt"/>
      <line num="51" count="1" type="stmt"/>
      <line num="56" count="1" type="stmt"/>
      <line num="61" count="1" type="stmt"/>
      <line num="67" count="1" type="stmt"/>
      <line num="72" count="1" type="stmt"/>
      <line num="77" count="1" type="stmt"/>
      <line num="83" count="1" type="stmt"/>
      <line num="88" count="1" type="stmt"/>
      <line num="93" count="1" type="stmt"/>
      <line num="102" count="1" type="stmt"/>
      <line num="169" count="1" type="stmt"/>
      <line num="182" count="1" type="stmt"/>
      <line num="185" count="1" type="stmt"/>
      <line num="235" count="1" type="stmt"/>
      <line num="238" count="1" type="stmt"/>
      <line num="252" count="1" type="stmt"/>
      <line num="261" count="1" type="stmt"/>
      <line num="265" count="1" type="stmt"/>
      <line num="321" count="1" type="stmt"/>
      <line num="324" count="1" type="stmt"/>
      <line num="334" count="1" type="stmt"/>
      <line num="345" count="1" type="stmt"/>
      <line num="346" count="1" type="stmt"/>
      <line num="348" count="1" type="stmt"/>
      <line num="371" count="1" type="stmt"/>
      <line num="378" count="1" type="stmt"/>
      <line num="386" count="1" type="stmt"/>
      <line num="397" count="1" type="stmt"/>
      <line num="407" count="1" type="stmt"/>
      <line num="428" count="1" type="stmt"/>
      <line num="442" count="1" type="stmt"/>
      <line num="452" count="1" type="stmt"/>
      <line num="454" count="1" type="stmt"/>
      <line num="472" count="1" type="stmt"/>
      <line num="494" count="1" type="stmt"/>
      <line num="511" count="1" type="stmt"/>
      <line num="523" count="1" type="stmt"/>
      <line num="534" count="1" type="stmt"/>
      <line num="544" count="1" type="stmt"/>
      <line num="549" count="1" type="stmt"/>
      <line num="559" count="1" type="stmt"/>
      <line num="564" count="1" type="stmt"/>
      <line num="574" count="1" type="stmt"/>
      <line num="580" count="1" type="stmt"/>
      <line num="591" count="1" type="stmt"/>
      <line num="605" count="1" type="stmt"/>
      <line num="621" count="1" type="stmt"/>
      <line num="633" count="1" type="stmt"/>
      <line num="637" count="1" type="stmt"/>
      <line num="641" count="1" type="stmt"/>
      <line num="645" count="1" type="stmt"/>
      <line num="649" count="1" type="stmt"/>
      <line num="653" count="1" type="stmt"/>
      <line num="657" count="1" type="stmt"/>
      <line num="661" count="1" type="stmt"/>
      <line num="665" count="1" type="stmt"/>
      <line num="669" count="1" type="stmt"/>
      <line num="673" count="1" type="stmt"/>
      <line num="678" count="1" type="stmt"/>
      <line num="708" count="1" type="stmt"/>
      <line num="719" count="1" type="stmt"/>
      <line num="738" count="1" type="stmt"/>
      <line num="748" count="1" type="stmt"/>
      <line num="753" count="1" type="stmt"/>
      <line num="759" count="1" type="stmt"/>
      <line num="775" count="1" type="stmt"/>
      <line num="790" count="1" type="stmt"/>
      <line num="799" count="1" type="stmt"/>
      <line num="813" count="1" type="stmt"/>
      <line num="838" count="1" type="stmt"/>
      <line num="852" count="1" type="stmt"/>
      <line num="869" count="1" type="stmt"/>
      <line num="870" count="1" type="stmt"/>
      <line num="876" count="1" type="stmt"/>
      <line num="896" count="1" type="cond" truecount="1" falsecount="0"/>
      <line num="897" count="1" type="stmt"/>
      <line num="904" count="1" type="stmt"/>
      <line num="910" count="1" type="stmt"/>
      <line num="916" count="1" type="stmt"/>
      <line num="922" count="1" type="stmt"/>
      <line num="928" count="1" type="stmt"/>
      <line num="934" count="1" type="stmt"/>
      <line num="940" count="1" type="stmt"/>
      <line num="946" count="1" type="stmt"/>
      <line num="952" count="1" type="stmt"/>
      <line num="958" count="1" type="stmt"/>
      <line num="964" count="1" type="stmt"/>
      <line num="974" count="1" type="stmt"/>
    </file>
  </project>
</coverage>
