<?xml version="1.0" encoding="UTF-8"?>
<coverage generated="1659117216820" clover="3.2.0">
  <project timestamp="1659117216820" name="All files">
    <metrics statements="108" coveredstatements="108" conditionals="13" coveredconditionals="10" methods="1" coveredmethods="1" elements="122" coveredelements="119" complexity="0" loc="108" ncloc="108" packages="1" files="1" classes="1"/>
    <file name="live-streaming.ts" path="/codebuild/output/src457277248/src/source/constructs/lib/live-streaming.ts">
      <metrics statements="108" coveredstatements="108" conditionals="13" coveredconditionals="10" methods="1" coveredmethods="1"/>
      <line num="14" count="1" type="stmt"/>
      <line num="15" count="1" type="stmt"/>
      <line num="16" count="1" type="stmt"/>
      <line num="17" count="1" type="stmt"/>
      <line num="18" count="1" type="stmt"/>
      <line num="19" count="1" type="stmt"/>
      <line num="20" count="1" type="stmt"/>
      <line num="21" count="1" type="stmt"/>
      <line num="22" count="1" type="stmt"/>
      <line num="23" count="1" type="stmt"/>
      <line num="25" count="1" type="stmt"/>
      <line num="27" count="1" type="stmt"/>
      <line num="31" count="1" type="stmt"/>
      <line num="35" count="1" type="stmt"/>
      <line num="41" count="1" type="stmt"/>
      <line num="47" count="1" type="stmt"/>
      <line num="52" count="1" type="stmt"/>
      <line num="57" count="1" type="stmt"/>
      <line num="62" count="1" type="stmt"/>
      <line num="68" count="1" type="stmt"/>
      <line num="73" count="1" type="stmt"/>
      <line num="78" count="1" type="stmt"/>
      <line num="84" count="1" type="stmt"/>
      <line num="89" count="1" type="stmt"/>
      <line num="94" count="1" type="stmt"/>
      <line num="103" count="1" type="stmt"/>
      <line num="170" count="1" type="stmt"/>
      <line num="183" count="1" type="stmt"/>
      <line num="186" count="1" type="stmt"/>
      <line num="236" count="1" type="stmt"/>
      <line num="239" count="1" type="stmt"/>
      <line num="253" count="1" type="stmt"/>
      <line num="262" count="1" type="stmt"/>
      <line num="266" count="1" type="stmt"/>
      <line num="322" count="1" type="stmt"/>
      <line num="325" count="1" type="stmt"/>
      <line num="335" count="1" type="stmt"/>
      <line num="346" count="1" type="stmt"/>
      <line num="347" count="1" type="stmt"/>
      <line num="349" count="1" type="stmt"/>
      <line num="372" count="1" type="stmt"/>
      <line num="379" count="1" type="stmt"/>
      <line num="387" count="1" type="stmt"/>
      <line num="398" count="1" type="stmt"/>
      <line num="408" count="1" type="stmt"/>
      <line num="429" count="1" type="stmt"/>
      <line num="443" count="1" type="stmt"/>
      <line num="453" count="1" type="stmt"/>
      <line num="455" count="1" type="stmt"/>
      <line num="473" count="1" type="stmt"/>
      <line num="495" count="1" type="stmt"/>
      <line num="512" count="1" type="stmt"/>
      <line num="524" count="1" type="stmt"/>
      <line num="535" count="1" type="stmt"/>
      <line num="545" count="1" type="stmt"/>
      <line num="550" count="1" type="stmt"/>
      <line num="560" count="1" type="stmt"/>
      <line num="565" count="1" type="stmt"/>
      <line num="575" count="1" type="stmt"/>
      <line num="581" count="1" type="stmt"/>
      <line num="592" count="1" type="stmt"/>
      <line num="606" count="1" type="stmt"/>
      <line num="622" count="1" type="stmt"/>
      <line num="634" count="1" type="stmt"/>
      <line num="638" count="1" type="stmt"/>
      <line num="642" count="1" type="stmt"/>
      <line num="646" count="1" type="stmt"/>
      <line num="650" count="1" type="stmt"/>
      <line num="654" count="1" type="stmt"/>
      <line num="658" count="1" type="stmt"/>
      <line num="662" count="1" type="stmt"/>
      <line num="666" count="1" type="stmt"/>
      <line num="670" count="1" type="stmt"/>
      <line num="674" count="1" type="stmt"/>
      <line num="679" count="1" type="stmt"/>
      <line num="709" count="1" type="stmt"/>
      <line num="720" count="1" type="stmt"/>
      <line num="739" count="1" type="stmt"/>
      <line num="749" count="1" type="stmt"/>
      <line num="754" count="1" type="stmt"/>
      <line num="760" count="1" type="stmt"/>
      <line num="785" count="1" type="stmt"/>
      <line num="800" count="1" type="stmt"/>
      <line num="809" count="1" type="stmt"/>
      <line num="823" count="1" type="stmt"/>
      <line num="848" count="1" type="stmt"/>
      <line num="862" count="1" type="stmt"/>
      <line num="879" count="1" type="stmt"/>
      <line num="880" count="1" type="stmt"/>
      <line num="886" count="1" type="stmt"/>
      <line num="890" count="1" type="stmt"/>
      <line num="896" count="1" type="stmt"/>
      <line num="916" count="1" type="cond" truecount="1" falsecount="0"/>
      <line num="917" count="1" type="stmt"/>
      <line num="924" count="1" type="stmt"/>
      <line num="930" count="1" type="stmt"/>
      <line num="936" count="1" type="stmt"/>
      <line num="942" count="1" type="stmt"/>
      <line num="948" count="1" type="stmt"/>
      <line num="954" count="1" type="stmt"/>
      <line num="960" count="1" type="stmt"/>
      <line num="966" count="1" type="stmt"/>
      <line num="972" count="1" type="stmt"/>
      <line num="978" count="1" type="stmt"/>
      <line num="984" count="1" type="stmt"/>
      <line num="990" count="1" type="stmt"/>
      <line num="995" count="1" type="stmt"/>
      <line num="1005" count="1" type="stmt"/>
    </file>
  </project>
</coverage>
