{"/codebuild/output/src457277248/src/source/constructs/lib/live-streaming.ts": {"path":"/codebuild/output/src457277248/src/source/constructs/lib/live-streaming.ts","statementMap":{"0":{"start":{"line":14,"column":0},"end":{"line":14,"column":37}},"1":{"start":{"line":15,"column":0},"end":{"line":15,"column":40}},"2":{"start":{"line":16,"column":0},"end":{"line":16,"column":46}},"3":{"start":{"line":17,"column":0},"end":{"line":17,"column":38}},"4":{"start":{"line":18,"column":0},"end":{"line":18,"column":53}},"5":{"start":{"line":19,"column":0},"end":{"line":19,"column":54}},"6":{"start":{"line":20,"column":0},"end":{"line":20,"column":58}},"7":{"start":{"line":21,"column":0},"end":{"line":21,"column":65}},"8":{"start":{"line":22,"column":0},"end":{"line":22,"column":77}},"9":{"start":{"line":23,"column":0},"end":{"line":23,"column":42}},"10":{"start":{"line":27,"column":4},"end":{"line":27,"column":28}},"11":{"start":{"line":31,"column":4},"end":{"line":31,"column":93}},"12":{"start":{"line":35,"column":22},"end":{"line":40,"column":6}},"13":{"start":{"line":41,"column":28},"end":{"line":46,"column":6}},"14":{"start":{"line":47,"column":22},"end":{"line":51,"column":6}},"15":{"start":{"line":52,"column":23},"end":{"line":56,"column":6}},"16":{"start":{"line":57,"column":24},"end":{"line":61,"column":6}},"17":{"start":{"line":62,"column":24},"end":{"line":67,"column":6}},"18":{"start":{"line":68,"column":23},"end":{"line":72,"column":6}},"19":{"start":{"line":73,"column":24},"end":{"line":77,"column":6}},"20":{"start":{"line":78,"column":24},"end":{"line":83,"column":6}},"21":{"start":{"line":84,"column":31},"end":{"line":88,"column":6}},"22":{"start":{"line":89,"column":31},"end":{"line":93,"column":6}},"23":{"start":{"line":94,"column":25},"end":{"line":99,"column":6}},"24":{"start":{"line":103,"column":4},"end":{"line":166,"column":6}},"25":{"start":{"line":170,"column":4},"end":{"line":176,"column":7}},"26":{"start":{"line":183,"column":26},"end":{"line":185,"column":6}},"27":{"start":{"line":186,"column":28},"end":{"line":235,"column":6}},"28":{"start":{"line":236,"column":4},"end":{"line":236,"column":48}},"29":{"start":{"line":239,"column":4},"end":{"line":247,"column":6}},"30":{"start":{"line":253,"column":29},"end":{"line":255,"column":6}},"31":{"start":{"line":262,"column":32},"end":{"line":264,"column":6}},"32":{"start":{"line":266,"column":33},"end":{"line":321,"column":6}},"33":{"start":{"line":322,"column":4},"end":{"line":322,"column":58}},"34":{"start":{"line":325,"column":4},"end":{"line":333,"column":6}},"35":{"start":{"line":335,"column":33},"end":{"line":345,"column":6}},"36":{"start":{"line":346,"column":4},"end":{"line":346,"column":64}},"37":{"start":{"line":347,"column":4},"end":{"line":347,"column":66}},"38":{"start":{"line":349,"column":5},"end":{"line":362,"column":6}},"39":{"start":{"line":372,"column":17},"end":{"line":377,"column":6}},"40":{"start":{"line":379,"column":22},"end":{"line":385,"column":6}},"41":{"start":{"line":387,"column":5},"end":{"line":396,"column":6}},"42":{"start":{"line":398,"column":4},"end":{"line":406,"column":6}},"43":{"start":{"line":408,"column":31},"end":{"line":427,"column":6}},"44":{"start":{"line":429,"column":5},"end":{"line":441,"column":6}},"45":{"start":{"line":443,"column":4},"end":{"line":451,"column":6}},"46":{"start":{"line":453,"column":4},"end":{"line":453,"column":54}},"47":{"start":{"line":455,"column":5},"end":{"line":467,"column":6}},"48":{"start":{"line":473,"column":27},"end":{"line":490,"column":6}},"49":{"start":{"line":495,"column":29},"end":{"line":507,"column":6}},"50":{"start":{"line":512,"column":34},"end":{"line":519,"column":6}},"51":{"start":{"line":524,"column":32},"end":{"line":530,"column":6}},"52":{"start":{"line":535,"column":36},"end":{"line":544,"column":6}},"53":{"start":{"line":545,"column":4},"end":{"line":545,"column":67}},"54":{"start":{"line":550,"column":37},"end":{"line":559,"column":6}},"55":{"start":{"line":560,"column":4},"end":{"line":560,"column":68}},"56":{"start":{"line":565,"column":37},"end":{"line":574,"column":6}},"57":{"start":{"line":575,"column":4},"end":{"line":575,"column":68}},"58":{"start":{"line":581,"column":23},"end":{"line":590,"column":6}},"59":{"start":{"line":592,"column":5},"end":{"line":604,"column":6}},"60":{"start":{"line":606,"column":4},"end":{"line":617,"column":6}},"61":{"start":{"line":622,"column":24},"end":{"line":631,"column":6}},"62":{"start":{"line":634,"column":55},"end":{"line":637,"column":6}},"63":{"start":{"line":638,"column":55},"end":{"line":641,"column":6}},"64":{"start":{"line":642,"column":55},"end":{"line":645,"column":6}},"65":{"start":{"line":646,"column":55},"end":{"line":649,"column":6}},"66":{"start":{"line":650,"column":55},"end":{"line":653,"column":6}},"67":{"start":{"line":654,"column":55},"end":{"line":657,"column":6}},"68":{"start":{"line":658,"column":55},"end":{"line":661,"column":6}},"69":{"start":{"line":662,"column":55},"end":{"line":665,"column":6}},"70":{"start":{"line":666,"column":55},"end":{"line":669,"column":6}},"71":{"start":{"line":670,"column":55},"end":{"line":673,"column":6}},"72":{"start":{"line":674,"column":55},"end":{"line":677,"column":6}},"73":{"start":{"line":679,"column":25},"end":{"line":707,"column":6}},"74":{"start":{"line":709,"column":5},"end":{"line":718,"column":6}},"75":{"start":{"line":720,"column":4},"end":{"line":737,"column":6}},"76":{"start":{"line":739,"column":4},"end":{"line":742,"column":6}},"77":{"start":{"line":749,"column":59},"end":{"line":753,"column":6}},"78":{"start":{"line":754,"column":59},"end":{"line":758,"column":6}},"79":{"start":{"line":760,"column":29},"end":{"line":783,"column":6}},"80":{"start":{"line":785,"column":4},"end":{"line":799,"column":6}},"81":{"start":{"line":800,"column":4},"end":{"line":808,"column":6}},"82":{"start":{"line":809,"column":4},"end":{"line":817,"column":6}},"83":{"start":{"line":823,"column":23},"end":{"line":846,"column":6}},"84":{"start":{"line":848,"column":4},"end":{"line":856,"column":6}},"85":{"start":{"line":862,"column":24},"end":{"line":878,"column":6}},"86":{"start":{"line":879,"column":4},"end":{"line":879,"column":47}},"87":{"start":{"line":880,"column":4},"end":{"line":880,"column":53}},"88":{"start":{"line":886,"column":24},"end":{"line":889,"column":6}},"89":{"start":{"line":890,"column":4},"end":{"line":890,"column":37}},"90":{"start":{"line":896,"column":4},"end":{"line":909,"column":7}},"91":{"start":{"line":916,"column":4},"end":{"line":922,"column":null}},"92":{"start":{"line":917,"column":6},"end":{"line":921,"column":9}},"93":{"start":{"line":924,"column":4},"end":{"line":928,"column":7}},"94":{"start":{"line":930,"column":4},"end":{"line":934,"column":7}},"95":{"start":{"line":936,"column":4},"end":{"line":940,"column":7}},"96":{"start":{"line":942,"column":4},"end":{"line":946,"column":7}},"97":{"start":{"line":948,"column":4},"end":{"line":952,"column":7}},"98":{"start":{"line":954,"column":4},"end":{"line":958,"column":7}},"99":{"start":{"line":960,"column":4},"end":{"line":964,"column":7}},"100":{"start":{"line":966,"column":4},"end":{"line":970,"column":7}},"101":{"start":{"line":972,"column":4},"end":{"line":976,"column":7}},"102":{"start":{"line":978,"column":4},"end":{"line":982,"column":7}},"103":{"start":{"line":984,"column":4},"end":{"line":988,"column":7}},"104":{"start":{"line":990,"column":4},"end":{"line":994,"column":7}},"105":{"start":{"line":995,"column":4},"end":{"line":999,"column":7}},"106":{"start":{"line":1005,"column":4},"end":{"line":1008,"column":6}},"107":{"start":{"line":25,"column":0},"end":{"line":25,"column":13}}},"fnMap":{"0":{"name":"(anonymous_0)","decl":{"start":{"line":26,"column":2},"end":{"line":26,"column":14}},"loc":{"start":{"line":26,"column":70},"end":{"line":1010,"column":3}}}},"branchMap":{"0":{"loc":{"start":{"line":829,"column":45},"end":{"line":829,"column":82}},"type":"cond-expr","locations":[{"start":{"line":829,"column":70},"end":{"line":829,"column":72}},{"start":{"line":829,"column":70},"end":{"line":829,"column":82}}]},"1":{"loc":{"start":{"line":829,"column":45},"end":{"line":829,"column":72}},"type":"binary-expr","locations":[{"start":{"line":829,"column":45},"end":{"line":829,"column":72}},{"start":{"line":829,"column":70},"end":{"line":829,"column":72}}]},"2":{"loc":{"start":{"line":869,"column":18},"end":{"line":869,"column":57}},"type":"cond-expr","locations":[{"start":{"line":869,"column":45},"end":{"line":869,"column":47}},{"start":{"line":869,"column":45},"end":{"line":869,"column":57}}]},"3":{"loc":{"start":{"line":869,"column":18},"end":{"line":869,"column":47}},"type":"binary-expr","locations":[{"start":{"line":869,"column":18},"end":{"line":869,"column":47}},{"start":{"line":869,"column":45},"end":{"line":869,"column":47}}]},"4":{"loc":{"start":{"line":916,"column":4},"end":{"line":922,"column":null}},"type":"if","locations":[{"start":{"line":916,"column":4},"end":{"line":922,"column":null}}]},"5":{"loc":{"start":{"line":980,"column":76},"end":{"line":980,"column":113}},"type":"cond-expr","locations":[{"start":{"line":980,"column":101},"end":{"line":980,"column":103}},{"start":{"line":980,"column":101},"end":{"line":980,"column":113}}]},"6":{"loc":{"start":{"line":980,"column":76},"end":{"line":980,"column":103}},"type":"binary-expr","locations":[{"start":{"line":980,"column":76},"end":{"line":980,"column":103}},{"start":{"line":980,"column":101},"end":{"line":980,"column":103}}]}},"s":{"0":1,"1":1,"2":1,"3":1,"4":1,"5":1,"6":1,"7":1,"8":1,"9":1,"10":1,"11":1,"12":1,"13":1,"14":1,"15":1,"16":1,"17":1,"18":1,"19":1,"20":1,"21":1,"22":1,"23":1,"24":1,"25":1,"26":1,"27":1,"28":1,"29":1,"30":1,"31":1,"32":1,"33":1,"34":1,"35":1,"36":1,"37":1,"38":1,"39":1,"40":1,"41":1,"42":1,"43":1,"44":1,"45":1,"46":1,"47":1,"48":1,"49":1,"50":1,"51":1,"52":1,"53":1,"54":1,"55":1,"56":1,"57":1,"58":1,"59":1,"60":1,"61":1,"62":1,"63":1,"64":1,"65":1,"66":1,"67":1,"68":1,"69":1,"70":1,"71":1,"72":1,"73":1,"74":1,"75":1,"76":1,"77":1,"78":1,"79":1,"80":1,"81":1,"82":1,"83":1,"84":1,"85":1,"86":1,"87":1,"88":1,"89":1,"90":1,"91":1,"92":1,"93":1,"94":1,"95":1,"96":1,"97":1,"98":1,"99":1,"100":1,"101":1,"102":1,"103":1,"104":1,"105":1,"106":1,"107":1},"f":{"0":1},"b":{"0":[0,1],"1":[1,1],"2":[0,1],"3":[1,1],"4":[1],"5":[0,1],"6":[1,1]}}
}
