{"/codebuild/output/src658669899/src/source/constructs/lib/live-streaming.ts": {"path":"/codebuild/output/src658669899/src/source/constructs/lib/live-streaming.ts","statementMap":{"0":{"start":{"line":14,"column":0},"end":{"line":14,"column":37}},"1":{"start":{"line":15,"column":0},"end":{"line":15,"column":40}},"2":{"start":{"line":16,"column":0},"end":{"line":16,"column":46}},"3":{"start":{"line":17,"column":0},"end":{"line":17,"column":38}},"4":{"start":{"line":18,"column":0},"end":{"line":18,"column":53}},"5":{"start":{"line":19,"column":0},"end":{"line":19,"column":54}},"6":{"start":{"line":20,"column":0},"end":{"line":20,"column":58}},"7":{"start":{"line":21,"column":0},"end":{"line":21,"column":65}},"8":{"start":{"line":22,"column":0},"end":{"line":22,"column":72}},"9":{"start":{"line":23,"column":0},"end":{"line":23,"column":77}},"10":{"start":{"line":24,"column":0},"end":{"line":24,"column":42}},"11":{"start":{"line":28,"column":4},"end":{"line":28,"column":28}},"12":{"start":{"line":32,"column":4},"end":{"line":32,"column":93}},"13":{"start":{"line":36,"column":22},"end":{"line":41,"column":6}},"14":{"start":{"line":42,"column":28},"end":{"line":47,"column":6}},"15":{"start":{"line":48,"column":22},"end":{"line":52,"column":6}},"16":{"start":{"line":53,"column":23},"end":{"line":57,"column":6}},"17":{"start":{"line":58,"column":24},"end":{"line":62,"column":6}},"18":{"start":{"line":63,"column":24},"end":{"line":68,"column":6}},"19":{"start":{"line":69,"column":23},"end":{"line":73,"column":6}},"20":{"start":{"line":74,"column":24},"end":{"line":78,"column":6}},"21":{"start":{"line":79,"column":24},"end":{"line":84,"column":6}},"22":{"start":{"line":85,"column":31},"end":{"line":89,"column":6}},"23":{"start":{"line":90,"column":31},"end":{"line":94,"column":6}},"24":{"start":{"line":95,"column":25},"end":{"line":100,"column":6}},"25":{"start":{"line":104,"column":4},"end":{"line":167,"column":6}},"26":{"start":{"line":171,"column":4},"end":{"line":177,"column":7}},"27":{"start":{"line":184,"column":26},"end":{"line":186,"column":6}},"28":{"start":{"line":187,"column":28},"end":{"line":236,"column":6}},"29":{"start":{"line":237,"column":4},"end":{"line":237,"column":48}},"30":{"start":{"line":240,"column":4},"end":{"line":248,"column":6}},"31":{"start":{"line":254,"column":29},"end":{"line":256,"column":6}},"32":{"start":{"line":263,"column":32},"end":{"line":265,"column":6}},"33":{"start":{"line":267,"column":33},"end":{"line":322,"column":6}},"34":{"start":{"line":323,"column":4},"end":{"line":323,"column":58}},"35":{"start":{"line":326,"column":4},"end":{"line":334,"column":6}},"36":{"start":{"line":336,"column":33},"end":{"line":346,"column":6}},"37":{"start":{"line":347,"column":4},"end":{"line":347,"column":64}},"38":{"start":{"line":348,"column":4},"end":{"line":348,"column":66}},"39":{"start":{"line":350,"column":5},"end":{"line":363,"column":6}},"40":{"start":{"line":373,"column":17},"end":{"line":378,"column":6}},"41":{"start":{"line":380,"column":22},"end":{"line":386,"column":6}},"42":{"start":{"line":388,"column":5},"end":{"line":397,"column":6}},"43":{"start":{"line":399,"column":4},"end":{"line":407,"column":6}},"44":{"start":{"line":409,"column":31},"end":{"line":428,"column":6}},"45":{"start":{"line":430,"column":5},"end":{"line":442,"column":6}},"46":{"start":{"line":444,"column":4},"end":{"line":452,"column":6}},"47":{"start":{"line":454,"column":4},"end":{"line":454,"column":54}},"48":{"start":{"line":456,"column":5},"end":{"line":468,"column":6}},"49":{"start":{"line":474,"column":27},"end":{"line":491,"column":6}},"50":{"start":{"line":496,"column":29},"end":{"line":508,"column":6}},"51":{"start":{"line":513,"column":34},"end":{"line":520,"column":6}},"52":{"start":{"line":525,"column":32},"end":{"line":531,"column":6}},"53":{"start":{"line":536,"column":36},"end":{"line":545,"column":6}},"54":{"start":{"line":546,"column":4},"end":{"line":546,"column":67}},"55":{"start":{"line":551,"column":37},"end":{"line":560,"column":6}},"56":{"start":{"line":561,"column":4},"end":{"line":561,"column":68}},"57":{"start":{"line":566,"column":37},"end":{"line":575,"column":6}},"58":{"start":{"line":576,"column":4},"end":{"line":576,"column":68}},"59":{"start":{"line":582,"column":23},"end":{"line":591,"column":6}},"60":{"start":{"line":593,"column":5},"end":{"line":605,"column":6}},"61":{"start":{"line":607,"column":4},"end":{"line":618,"column":6}},"62":{"start":{"line":624,"column":28},"end":{"line":624,"column":63}},"63":{"start":{"line":626,"column":24},"end":{"line":636,"column":6}},"64":{"start":{"line":639,"column":55},"end":{"line":642,"column":6}},"65":{"start":{"line":643,"column":55},"end":{"line":646,"column":6}},"66":{"start":{"line":647,"column":55},"end":{"line":650,"column":6}},"67":{"start":{"line":651,"column":55},"end":{"line":654,"column":6}},"68":{"start":{"line":655,"column":55},"end":{"line":658,"column":6}},"69":{"start":{"line":659,"column":55},"end":{"line":662,"column":6}},"70":{"start":{"line":663,"column":55},"end":{"line":666,"column":6}},"71":{"start":{"line":667,"column":55},"end":{"line":670,"column":6}},"72":{"start":{"line":671,"column":55},"end":{"line":674,"column":6}},"73":{"start":{"line":675,"column":55},"end":{"line":678,"column":6}},"74":{"start":{"line":679,"column":55},"end":{"line":682,"column":6}},"75":{"start":{"line":684,"column":25},"end":{"line":712,"column":6}},"76":{"start":{"line":714,"column":5},"end":{"line":723,"column":6}},"77":{"start":{"line":725,"column":4},"end":{"line":742,"column":6}},"78":{"start":{"line":744,"column":4},"end":{"line":747,"column":6}},"79":{"start":{"line":754,"column":59},"end":{"line":758,"column":6}},"80":{"start":{"line":759,"column":59},"end":{"line":763,"column":6}},"81":{"start":{"line":765,"column":29},"end":{"line":788,"column":6}},"82":{"start":{"line":790,"column":4},"end":{"line":804,"column":6}},"83":{"start":{"line":805,"column":4},"end":{"line":813,"column":6}},"84":{"start":{"line":814,"column":4},"end":{"line":822,"column":6}},"85":{"start":{"line":828,"column":23},"end":{"line":851,"column":6}},"86":{"start":{"line":853,"column":4},"end":{"line":861,"column":6}},"87":{"start":{"line":867,"column":24},"end":{"line":883,"column":6}},"88":{"start":{"line":884,"column":4},"end":{"line":884,"column":47}},"89":{"start":{"line":885,"column":4},"end":{"line":885,"column":53}},"90":{"start":{"line":891,"column":24},"end":{"line":891,"column":32}},"91":{"start":{"line":892,"column":26},"end":{"line":892,"column":49}},"92":{"start":{"line":893,"column":29},"end":{"line":893,"column":74}},"93":{"start":{"line":894,"column":28},"end":{"line":903,"column":7}},"94":{"start":{"line":904,"column":25},"end":{"line":907,"column":7}},"95":{"start":{"line":908,"column":5},"end":{"line":908,"column":38}},"96":{"start":{"line":909,"column":5},"end":{"line":909,"column":60}},"97":{"start":{"line":910,"column":5},"end":{"line":910,"column":64}},"98":{"start":{"line":911,"column":5},"end":{"line":911,"column":72}},"99":{"start":{"line":912,"column":5},"end":{"line":912,"column":68}},"100":{"start":{"line":913,"column":5},"end":{"line":913,"column":95}},"101":{"start":{"line":914,"column":5},"end":{"line":914,"column":70}},"102":{"start":{"line":916,"column":5},"end":{"line":916,"column":52}},"103":{"start":{"line":917,"column":5},"end":{"line":917,"column":57}},"104":{"start":{"line":919,"column":25},"end":{"line":924,"column":7}},"105":{"start":{"line":925,"column":5},"end":{"line":925,"column":49}},"106":{"start":{"line":931,"column":4},"end":{"line":944,"column":7}},"107":{"start":{"line":951,"column":4},"end":{"line":957,"column":null}},"108":{"start":{"line":952,"column":6},"end":{"line":956,"column":9}},"109":{"start":{"line":959,"column":4},"end":{"line":963,"column":7}},"110":{"start":{"line":965,"column":4},"end":{"line":969,"column":7}},"111":{"start":{"line":971,"column":4},"end":{"line":975,"column":7}},"112":{"start":{"line":977,"column":4},"end":{"line":981,"column":7}},"113":{"start":{"line":983,"column":4},"end":{"line":987,"column":7}},"114":{"start":{"line":989,"column":4},"end":{"line":993,"column":7}},"115":{"start":{"line":995,"column":4},"end":{"line":999,"column":7}},"116":{"start":{"line":1001,"column":4},"end":{"line":1005,"column":7}},"117":{"start":{"line":1007,"column":4},"end":{"line":1011,"column":7}},"118":{"start":{"line":1013,"column":4},"end":{"line":1017,"column":7}},"119":{"start":{"line":1019,"column":4},"end":{"line":1023,"column":7}},"120":{"start":{"line":1025,"column":4},"end":{"line":1029,"column":7}},"121":{"start":{"line":1030,"column":4},"end":{"line":1034,"column":7}},"122":{"start":{"line":1040,"column":4},"end":{"line":1043,"column":6}},"123":{"start":{"line":26,"column":0},"end":{"line":26,"column":13}}},"fnMap":{"0":{"name":"(anonymous_0)","decl":{"start":{"line":27,"column":2},"end":{"line":27,"column":14}},"loc":{"start":{"line":27,"column":70},"end":{"line":1045,"column":3}}}},"branchMap":{"0":{"loc":{"start":{"line":834,"column":45},"end":{"line":834,"column":82}},"type":"cond-expr","locations":[{"start":{"line":834,"column":70},"end":{"line":834,"column":72}},{"start":{"line":834,"column":70},"end":{"line":834,"column":82}}]},"1":{"loc":{"start":{"line":834,"column":45},"end":{"line":834,"column":72}},"type":"binary-expr","locations":[{"start":{"line":834,"column":45},"end":{"line":834,"column":72}},{"start":{"line":834,"column":70},"end":{"line":834,"column":72}}]},"2":{"loc":{"start":{"line":874,"column":18},"end":{"line":874,"column":57}},"type":"cond-expr","locations":[{"start":{"line":874,"column":45},"end":{"line":874,"column":47}},{"start":{"line":874,"column":45},"end":{"line":874,"column":57}}]},"3":{"loc":{"start":{"line":874,"column":18},"end":{"line":874,"column":47}},"type":"binary-expr","locations":[{"start":{"line":874,"column":18},"end":{"line":874,"column":47}},{"start":{"line":874,"column":45},"end":{"line":874,"column":47}}]},"4":{"loc":{"start":{"line":951,"column":4},"end":{"line":957,"column":null}},"type":"if","locations":[{"start":{"line":951,"column":4},"end":{"line":957,"column":null}}]},"5":{"loc":{"start":{"line":1015,"column":76},"end":{"line":1015,"column":113}},"type":"cond-expr","locations":[{"start":{"line":1015,"column":101},"end":{"line":1015,"column":103}},{"start":{"line":1015,"column":101},"end":{"line":1015,"column":113}}]},"6":{"loc":{"start":{"line":1015,"column":76},"end":{"line":1015,"column":103}},"type":"binary-expr","locations":[{"start":{"line":1015,"column":76},"end":{"line":1015,"column":103}},{"start":{"line":1015,"column":101},"end":{"line":1015,"column":103}}]}},"s":{"0":1,"1":1,"2":1,"3":1,"4":1,"5":1,"6":1,"7":1,"8":1,"9":1,"10":1,"11":1,"12":1,"13":1,"14":1,"15":1,"16":1,"17":1,"18":1,"19":1,"20":1,"21":1,"22":1,"23":1,"24":1,"25":1,"26":1,"27":1,"28":1,"29":1,"30":1,"31":1,"32":1,"33":1,"34":1,"35":1,"36":1,"37":1,"38":1,"39":1,"40":1,"41":1,"42":1,"43":1,"44":1,"45":1,"46":1,"47":1,"48":1,"49":1,"50":1,"51":1,"52":1,"53":1,"54":1,"55":1,"56":1,"57":1,"58":1,"59":1,"60":1,"61":1,"62":1,"63":1,"64":1,"65":1,"66":1,"67":1,"68":1,"69":1,"70":1,"71":1,"72":1,"73":1,"74":1,"75":1,"76":1,"77":1,"78":1,"79":1,"80":1,"81":1,"82":1,"83":1,"84":1,"85":1,"86":1,"87":1,"88":1,"89":1,"90":1,"91":1,"92":1,"93":1,"94":1,"95":1,"96":1,"97":1,"98":1,"99":1,"100":1,"101":1,"102":1,"103":1,"104":1,"105":1,"106":1,"107":1,"108":1,"109":1,"110":1,"111":1,"112":1,"113":1,"114":1,"115":1,"116":1,"117":1,"118":1,"119":1,"120":1,"121":1,"122":1,"123":1},"f":{"0":1},"b":{"0":[0,1],"1":[1,1],"2":[0,1],"3":[1,1],"4":[1],"5":[0,1],"6":[1,1]}}
}
