TN:
SF:lib/live-streaming.ts
FN:27,(anonymous_0)
FNF:1
FNH:1
FNDA:1,(anonymous_0)
DA:14,1
DA:15,1
DA:16,1
DA:17,1
DA:18,1
DA:19,1
DA:20,1
DA:21,1
DA:22,1
DA:23,1
DA:24,1
DA:26,1
DA:28,1
DA:32,1
DA:36,1
DA:42,1
DA:48,1
DA:53,1
DA:58,1
DA:63,1
DA:69,1
DA:74,1
DA:79,1
DA:85,1
DA:90,1
DA:95,1
DA:104,1
DA:171,1
DA:184,1
DA:187,1
DA:237,1
DA:240,1
DA:254,1
DA:263,1
DA:267,1
DA:323,1
DA:326,1
DA:336,1
DA:347,1
DA:348,1
DA:350,1
DA:373,1
DA:380,1
DA:388,1
DA:399,1
DA:409,1
DA:430,1
DA:444,1
DA:454,1
DA:456,1
DA:474,1
DA:496,1
DA:513,1
DA:525,1
DA:536,1
DA:546,1
DA:551,1
DA:561,1
DA:566,1
DA:576,1
DA:582,1
DA:593,1
DA:607,1
DA:624,1
DA:626,1
DA:639,1
DA:643,1
DA:647,1
DA:651,1
DA:655,1
DA:659,1
DA:663,1
DA:667,1
DA:671,1
DA:675,1
DA:679,1
DA:684,1
DA:714,1
DA:725,1
DA:744,1
DA:754,1
DA:759,1
DA:765,1
DA:790,1
DA:805,1
DA:814,1
DA:828,1
DA:853,1
DA:867,1
DA:884,1
DA:885,1
DA:891,1
DA:892,1
DA:893,1
DA:894,1
DA:904,1
DA:908,1
DA:909,1
DA:910,1
DA:911,1
DA:912,1
DA:913,1
DA:914,1
DA:916,1
DA:917,1
DA:919,1
DA:925,1
DA:931,1
DA:951,1
DA:952,1
DA:959,1
DA:965,1
DA:971,1
DA:977,1
DA:983,1
DA:989,1
DA:995,1
DA:1001,1
DA:1007,1
DA:1013,1
DA:1019,1
DA:1025,1
DA:1030,1
DA:1040,1
LF:124
LH:124
BRDA:834,0,0,0
BRDA:834,0,1,1
BRDA:834,1,0,1
BRDA:834,1,1,1
BRDA:874,2,0,0
BRDA:874,2,1,1
BRDA:874,3,0,1
BRDA:874,3,1,1
BRDA:951,4,0,1
BRDA:1015,5,0,0
BRDA:1015,5,1,1
BRDA:1015,6,0,1
BRDA:1015,6,1,1
BRF:13
BRH:10
end_of_record
