TN:
SF:lib/live-streaming.ts
FN:25,(anonymous_0)
FNF:1
FNH:1
FNDA:1,(anonymous_0)
DA:14,1
DA:15,1
DA:16,1
DA:17,1
DA:18,1
DA:19,1
DA:20,1
DA:21,1
DA:22,1
DA:24,1
DA:26,1
DA:30,1
DA:34,1
DA:40,1
DA:46,1
DA:51,1
DA:56,1
DA:61,1
DA:67,1
DA:72,1
DA:77,1
DA:83,1
DA:88,1
DA:93,1
DA:102,1
DA:169,1
DA:182,1
DA:185,1
DA:235,1
DA:238,1
DA:252,1
DA:261,1
DA:265,1
DA:321,1
DA:324,1
DA:334,1
DA:345,1
DA:346,1
DA:348,1
DA:371,1
DA:378,1
DA:386,1
DA:397,1
DA:407,1
DA:428,1
DA:442,1
DA:452,1
DA:454,1
DA:472,1
DA:494,1
DA:511,1
DA:523,1
DA:534,1
DA:544,1
DA:549,1
DA:559,1
DA:564,1
DA:574,1
DA:580,1
DA:591,1
DA:605,1
DA:621,1
DA:633,1
DA:637,1
DA:641,1
DA:645,1
DA:649,1
DA:653,1
DA:657,1
DA:661,1
DA:665,1
DA:669,1
DA:673,1
DA:678,1
DA:708,1
DA:719,1
DA:738,1
DA:748,1
DA:753,1
DA:759,1
DA:775,1
DA:790,1
DA:799,1
DA:813,1
DA:838,1
DA:852,1
DA:869,1
DA:870,1
DA:876,1
DA:896,1
DA:897,1
DA:904,1
DA:910,1
DA:916,1
DA:922,1
DA:928,1
DA:934,1
DA:940,1
DA:946,1
DA:952,1
DA:958,1
DA:964,1
DA:974,1
LF:103
LH:103
BRDA:819,0,0,0
BRDA:819,0,1,1
BRDA:819,1,0,1
BRDA:819,1,1,1
BRDA:859,2,0,0
BRDA:859,2,1,1
BRDA:859,3,0,1
BRDA:859,3,1,1
BRDA:896,4,0,1
BRDA:960,5,0,0
BRDA:960,5,1,1
BRDA:960,6,0,1
BRDA:960,6,1,1
BRF:13
BRH:10
end_of_record
